<?xml version="1.0" encoding="UTF-8"?>
<!-- Generated by org.testng.reporters.JUnitXMLReporter -->
<testsuite ignored="0" hostname="DESKTOP-B0UT20G" failures="0" tests="2" name="Default test" time="0.072" errors="0" timestamp="2026-02-13T13:01:56 IST">
  <testcase classname="com.practiceonconfiguationannotations.CreateContactTest" name="createContact" time="0.007"/>
  <testcase classname="com.practiceonconfiguationannotations.CreateContactTest" name="createContactWithDate" time="0.002"/>
</testsuite> <!-- Default test -->
