<?xml version="1.0" encoding="UTF-8"?>
<testng-results ignored="0" total="2" passed="2" failed="0" skipped="0">
  <reporter-output>
  </reporter-output>
  <suite started-at="2026-02-13T13:01:56 IST" name="Default suite" finished-at="2026-02-13T13:01:56 IST" duration-ms="72">
    <groups>
    </groups>
    <test started-at="2026-02-13T13:01:56 IST" name="Default test" finished-at="2026-02-13T13:01:56 IST" duration-ms="72">
      <class name="com.practiceonconfiguationannotations.CreateContactTest">
        <test-method is-config="true" signature="configBS()[pri:0, instance:com.practiceonconfiguationannotations.CreateContactTest@639c2c1d]" started-at="2026-02-13T13:01:56 IST" name="configBS" finished-at="2026-02-13T13:01:56 IST" duration-ms="17" status="PASS">
          <reporter-output>
          </reporter-output>
        </test-method> <!-- configBS -->
        <test-method is-config="true" signature="configBC()[pri:0, instance:com.practiceonconfiguationannotations.CreateContactTest@639c2c1d]" started-at="2026-02-13T13:01:56 IST" name="configBC" finished-at="2026-02-13T13:01:56 IST" duration-ms="1" status="PASS">
          <reporter-output>
          </reporter-output>
        </test-method> <!-- configBC -->
        <test-method is-config="true" signature="configBM()[pri:0, instance:com.practiceonconfiguationannotations.CreateContactTest@639c2c1d]" started-at="2026-02-13T13:01:56 IST" name="configBM" finished-at="2026-02-13T13:01:56 IST" duration-ms="1" status="PASS">
          <reporter-output>
          </reporter-output>
        </test-method> <!-- configBM -->
        <test-method signature="createContact()[pri:0, instance:com.practiceonconfiguationannotations.CreateContactTest@639c2c1d]" started-at="2026-02-13T13:01:56 IST" name="createContact" finished-at="2026-02-13T13:01:56 IST" duration-ms="7" status="PASS">
          <reporter-output>
          </reporter-output>
        </test-method> <!-- createContact -->
        <test-method is-config="true" signature="configAM()[pri:0, instance:com.practiceonconfiguationannotations.CreateContactTest@639c2c1d]" started-at="2026-02-13T13:01:56 IST" name="configAM" finished-at="2026-02-13T13:01:56 IST" duration-ms="0" status="PASS">
          <reporter-output>
          </reporter-output>
        </test-method> <!-- configAM -->
        <test-method signature="createContactWithDate()[pri:0, instance:com.practiceonconfiguationannotations.CreateContactTest@639c2c1d]" started-at="2026-02-13T13:01:56 IST" name="createContactWithDate" finished-at="2026-02-13T13:01:56 IST" duration-ms="2" status="PASS">
          <reporter-output>
          </reporter-output>
        </test-method> <!-- createContactWithDate -->
        <test-method is-config="true" signature="configBM()[pri:0, instance:com.practiceonconfiguationannotations.CreateContactTest@639c2c1d]" started-at="2026-02-13T13:01:56 IST" name="configBM" finished-at="2026-02-13T13:01:56 IST" duration-ms="0" status="PASS">
          <reporter-output>
          </reporter-output>
        </test-method> <!-- configBM -->
        <test-method is-config="true" signature="configAM()[pri:0, instance:com.practiceonconfiguationannotations.CreateContactTest@639c2c1d]" started-at="2026-02-13T13:01:56 IST" name="configAM" finished-at="2026-02-13T13:01:56 IST" duration-ms="0" status="PASS">
          <reporter-output>
          </reporter-output>
        </test-method> <!-- configAM -->
        <test-method is-config="true" signature="configAC()[pri:0, instance:com.practiceonconfiguationannotations.CreateContactTest@639c2c1d]" started-at="2026-02-13T13:01:56 IST" name="configAC" finished-at="2026-02-13T13:01:56 IST" duration-ms="1" status="PASS">
          <reporter-output>
          </reporter-output>
        </test-method> <!-- configAC -->
        <test-method is-config="true" signature="configAS()[pri:0, instance:com.practiceonconfiguationannotations.CreateContactTest@639c2c1d]" started-at="2026-02-13T13:01:56 IST" name="configAS" finished-at="2026-02-13T13:01:56 IST" duration-ms="0" status="PASS">
          <reporter-output>
          </reporter-output>
        </test-method> <!-- configAS -->
      </class> <!-- com.practiceonconfiguationannotations.CreateContactTest -->
    </test> <!-- Default test -->
  </suite> <!-- Default suite -->
</testng-results>
