<?xml version="1.0" encoding="UTF-8"?>
<!-- Generated by org.testng.reporters.JUnitReportReporter -->
<testsuite hostname="DESKTOP-B0UT20G" failures="0" tests="3" name="practice.testng.CreateContactTest_DP" time="0.011" errors="0" timestamp="2026-02-12T16:01:49 IST" skipped="0">
  <testcase classname="practice.testng.CreateContactTest_DP" name="createContactTest" time="0.008"/>
  <testcase classname="practice.testng.CreateContactTest_DP" name="createContactTest" time="0.001"/>
  <testcase classname="practice.testng.CreateContactTest_DP" name="createContactTest" time="0.002"/>
</testsuite> <!-- practice.testng.CreateContactTest_DP -->
