<?xml version="1.0" encoding="UTF-8"?>
<!-- Generated by org.testng.reporters.JUnitReportReporter -->
<testsuite hostname="DESKTOP-B0UT20G" failures="0" tests="2" name="com.practiceonconfiguationannotations.CreateContactTest" time="0.010" errors="0" timestamp="2026-02-13T13:01:56 IST" skipped="0">
  <testcase classname="com.practiceonconfiguationannotations.CreateContactTest" name="createContact" time="0.008"/>
  <testcase classname="com.practiceonconfiguationannotations.CreateContactTest" name="createContactWithDate" time="0.002"/>
</testsuite> <!-- com.practiceonconfiguationannotations.CreateContactTest -->
