<?xml version="1.0" encoding="UTF-8"?>
<!-- Generated by org.testng.reporters.JUnitReportReporter -->
<testsuite hostname="DESKTOP-B0UT20G" failures="0" tests="3" name="practice.test.GetProductInfoTest" time="36.766" errors="0" timestamp="2026-02-12T16:45:33 IST" skipped="0">
  <testcase classname="practice.test.GetProductInfoTest" name="getproductInfoTest" time="8.916"/>
  <testcase classname="practice.test.GetProductInfoTest" name="getproductInfoTest" time="12.861"/>
  <testcase classname="practice.test.GetProductInfoTest" name="getproductInfoTest" time="14.989"/>
</testsuite> <!-- practice.test.GetProductInfoTest -->
